<?xml version="1.0" encoding="UTF-8"?>
<!-- Generated by org.testng.reporters.JUnitReportReporter -->
<testsuite hostname="DESKTOP-SJOPVFR" failures="0" tests="1" name="com.myStore.testcases.AddToCartPageTest" time="25.401" errors="0" timestamp="2022-05-20T00:07:34 IST" skipped="0">
  <testcase classname="com.myStore.testcases.AddToCartPageTest" name="addToCartTest" time="25.401"/>
  <system-out/>
</testsuite> <!-- com.myStore.testcases.AddToCartPageTest -->
