<?xml version="1.0" encoding="UTF-8"?>
<!-- Generated by org.testng.reporters.JUnitReportReporter -->
<testsuite hostname="DESKTOP-SJOPVFR" failures="0" tests="1" name="com.myStore.testcases.AddToCartPageTest" time="23.234" errors="0" timestamp="2022-05-18T22:48:46 IST" skipped="0">
  <testcase classname="com.myStore.testcases.AddToCartPageTest" name="addToCartTest" time="23.234"/>
  <system-out/>
</testsuite> <!-- com.myStore.testcases.AddToCartPageTest -->
