<?xml version="1.0" encoding="UTF-8"?>
<!-- Generated by org.testng.reporters.JUnitReportReporter -->
<testsuite hostname="DESKTOP-SJOPVFR" failures="0" tests="1" name="com.myStore.testcases.OrderPageTest" time="52.895" errors="0" timestamp="2022-05-20T00:07:34 IST" skipped="0">
  <testcase classname="com.myStore.testcases.OrderPageTest" name="verifyTotalPrice" time="52.895"/>
  <system-out/>
</testsuite> <!-- com.myStore.testcases.OrderPageTest -->
