<?xml version="1.0" encoding="UTF-8"?>
<!-- Generated by org.testng.reporters.JUnitReportReporter -->
<testsuite hostname="DESKTOP-SJOPVFR" failures="0" tests="1" name="com.myStore.testcases.SearchResultPageTest" time="18.485" errors="0" timestamp="2022-05-18T23:00:48 IST" skipped="0">
  <testcase classname="com.myStore.testcases.SearchResultPageTest" name="productAvailabilityTest" time="18.485"/>
  <system-out/>
</testsuite> <!-- com.myStore.testcases.SearchResultPageTest -->
