<?xml version="1.0" encoding="UTF-8"?>
<!-- Generated by org.testng.reporters.JUnitReportReporter -->
<testsuite hostname="DESKTOP-SJOPVFR" failures="0" tests="1" name="com.myStore.testcases.OrderPageTest" time="38.790" errors="0" timestamp="2022-05-23T12:35:25 IST" skipped="0">
  <testcase classname="com.myStore.testcases.OrderPageTest" name="verifyTotalPrice" time="38.790"/>
  <system-out/>
</testsuite> <!-- com.myStore.testcases.OrderPageTest -->
