<?xml version="1.0" encoding="UTF-8"?>
<!-- Generated by org.testng.reporters.JUnitReportReporter -->
<testsuite hostname="DESKTOP-SJOPVFR" failures="0" tests="1" name="com.myStore.testcases.EndToEndTest" time="41.775" errors="0" timestamp="2022-05-23T12:35:25 IST" skipped="0">
  <testcase classname="com.myStore.testcases.EndToEndTest" name="endToEndTest" time="41.775"/>
  <system-out/>
</testsuite> <!-- com.myStore.testcases.EndToEndTest -->
