<?xml version="1.0" encoding="UTF-8"?>
<!-- Generated by org.testng.reporters.JUnitReportReporter -->
<testsuite hostname="DESKTOP-SJOPVFR" failures="0" tests="2" name="com.myStore.testcases.HomePageTest" time="54.551" errors="0" timestamp="2022-05-18T23:00:48 IST" skipped="0">
  <testcase classname="com.myStore.testcases.HomePageTest" name="wishListTest" time="28.284"/>
  <system-out/>
  <testcase classname="com.myStore.testcases.HomePageTest" name="orderHistoryandDetailsTest" time="26.267"/>
  <system-out/>
</testsuite> <!-- com.myStore.testcases.HomePageTest -->
