<?xml version="1.0" encoding="UTF-8"?>
<!-- Generated by org.testng.reporters.JUnitReportReporter -->
<testsuite hostname="DESKTOP-SJOPVFR" failures="0" tests="1" name="com.myStore.testcases.OrderPageTest" time="30.517" errors="0" timestamp="2022-05-18T22:49:47 IST" skipped="0">
  <testcase classname="com.myStore.testcases.OrderPageTest" name="verifyTotalPrice" time="30.517"/>
  <system-out/>
</testsuite> <!-- com.myStore.testcases.OrderPageTest -->
