<?xml version="1.0" encoding="UTF-8"?>
<!-- Generated by org.testng.reporters.JUnitReportReporter -->
<testsuite hostname="DESKTOP-SJOPVFR" failures="0" tests="1" name="com.myStore.testcases.AccountCreationPageTest" time="17.141" errors="0" timestamp="2022-05-18T22:48:46 IST" skipped="0">
  <testcase classname="com.myStore.testcases.AccountCreationPageTest" name="verifyCreateAccountPageTest" time="17.141"/>
  <system-out/>
</testsuite> <!-- com.myStore.testcases.AccountCreationPageTest -->
