<?xml version="1.0" encoding="UTF-8"?>
<!-- Generated by org.testng.reporters.JUnitReportReporter -->
<testsuite hostname="DESKTOP-SJOPVFR" failures="0" tests="2" name="com.myStore.testcases.IndexPageTest" time="19.731" errors="0" timestamp="2022-05-18T23:00:48 IST" skipped="0">
  <testcase classname="com.myStore.testcases.IndexPageTest" name="verifyLogo" time="10.082"/>
  <system-out/>
  <testcase classname="com.myStore.testcases.IndexPageTest" name="verifyTitle" time="9.649"/>
  <system-out/>
</testsuite> <!-- com.myStore.testcases.IndexPageTest -->
